2025-10-07 21:19:33 [main] INFO  com.example.evm.EvmApplication - Starting EvmApplication using Java 17.0.12 with PID 7268 (D:\Code\Spring\evm\target\classes started by Asus in D:\Code\Spring\evm)
2025-10-07 21:19:33 [main] DEBUG com.example.evm.EvmApplication - Running with Spring Boot v3.5.6, Spring v6.2.11
2025-10-07 21:19:33 [main] INFO  com.example.evm.EvmApplication - No active profile set, falling back to 1 default profile: "default"
2025-10-07 21:19:34 [main] INFO  o.s.d.r.c.RepositoryConfigurationDelegate - Bootstrapping Spring Data JPA repositories in DEFAULT mode.
2025-10-07 21:19:34 [main] INFO  o.s.d.r.c.RepositoryConfigurationDelegate - Finished Spring Data repository scanning in 51 ms. Found 10 JPA repository interfaces.
2025-10-07 21:19:34 [main] INFO  o.s.b.w.e.tomcat.TomcatWebServer - Tomcat initialized with port 8080 (http)
2025-10-07 21:19:34 [main] INFO  o.a.catalina.core.StandardService - Starting service [Tomcat]
2025-10-07 21:19:34 [main] INFO  o.a.catalina.core.StandardEngine - Starting Servlet engine: [Apache Tomcat/10.1.46]
2025-10-07 21:19:34 [main] INFO  o.a.c.c.C.[Tomcat].[localhost].[/] - Initializing Spring embedded WebApplicationContext
2025-10-07 21:19:34 [main] INFO  o.s.b.w.s.c.ServletWebServerApplicationContext - Root WebApplicationContext: initialization completed in 1044 ms
2025-10-07 21:19:34 [main] INFO  com.zaxxer.hikari.HikariDataSource - HikariPool-1 - Starting...
2025-10-07 21:19:35 [main] INFO  com.zaxxer.hikari.pool.HikariPool - HikariPool-1 - Added connection ConnectionID:1 ClientConnectionId: f0909679-db0b-4161-bc3b-32a771c40d10
2025-10-07 21:19:35 [main] INFO  com.zaxxer.hikari.HikariDataSource - HikariPool-1 - Start completed.
2025-10-07 21:19:35 [main] INFO  o.h.jpa.internal.util.LogHelper - HHH000204: Processing PersistenceUnitInfo [name: default]
2025-10-07 21:19:35 [main] INFO  org.hibernate.Version - HHH000412: Hibernate ORM core version 6.6.29.Final
2025-10-07 21:19:35 [main] INFO  o.h.c.i.RegionFactoryInitiator - HHH000026: Second-level cache disabled
2025-10-07 21:19:35 [main] INFO  o.s.o.j.p.SpringPersistenceUnitInfo - No LoadTimeWeaver setup: ignoring JPA class transformer
2025-10-07 21:19:35 [main] WARN  org.hibernate.orm.deprecation - HHH90000025: SQLServerDialect does not need to be specified explicitly using 'hibernate.dialect' (remove the property setting and it will be selected by default)
2025-10-07 21:19:35 [main] INFO  o.hibernate.orm.connections.pooling - HHH10001005: Database info:
	Database JDBC URL [Connecting through datasource 'HikariDataSource (HikariPool-1)']
	Database driver: undefined/unknown
	Database version: 15.0
	Autocommit mode: undefined/unknown
	Isolation level: undefined/unknown
	Minimum pool size: undefined/unknown
	Maximum pool size: undefined/unknown
2025-10-07 21:19:36 [main] INFO  o.h.e.t.j.p.i.JtaPlatformInitiator - HHH000489: No JTA platform available (set 'hibernate.transaction.jta.platform' to enable JTA platform integration)
2025-10-07 21:19:36 [main] INFO  o.s.o.j.LocalContainerEntityManagerFactoryBean - Initialized JPA EntityManagerFactory for persistence unit 'default'
2025-10-07 21:19:36 [main] DEBUG c.e.e.s.JwtAuthenticationFilter - Filter 'jwtAuthenticationFilter' configured for use
2025-10-07 21:19:36 [main] INFO  o.s.s.c.a.a.c.InitializeAuthenticationProviderBeanManagerConfigurer$InitializeAuthenticationProviderManagerConfigurer - Global AuthenticationManager configured with AuthenticationProvider bean with name daoAuthenticationProvider
2025-10-07 21:19:36 [main] WARN  o.s.s.c.a.a.c.InitializeUserDetailsBeanManagerConfigurer$InitializeUserDetailsManagerConfigurer - Global AuthenticationManager configured with an AuthenticationProvider bean. UserDetailsService beans will not be used by Spring Security for automatically configuring username/password login. Consider removing the AuthenticationProvider bean. Alternatively, consider using the UserDetailsService in a manually instantiated DaoAuthenticationProvider. If the current configuration is intentional, to turn off this warning, increase the logging level of 'org.springframework.security.config.annotation.authentication.configuration.InitializeUserDetailsBeanManagerConfigurer' to ERROR
2025-10-07 21:19:36 [main] INFO  o.s.d.j.r.query.QueryEnhancerFactory - Hibernate is in classpath; If applicable, HQL parser will be used.
2025-10-07 21:19:37 [main] WARN  o.s.b.a.o.j.JpaBaseConfiguration$JpaWebConfiguration - spring.jpa.open-in-view is enabled by default. Therefore, database queries may be performed during view rendering. Explicitly configure spring.jpa.open-in-view to disable this warning
2025-10-07 21:19:37 [main] DEBUG o.s.s.web.DefaultSecurityFilterChain - Will secure any request with filters: DisableEncodeUrlFilter, WebAsyncManagerIntegrationFilter, SecurityContextHolderFilter, HeaderWriterFilter, CorsFilter, JwtAuthenticationFilter, RequestCacheAwareFilter, SecurityContextHolderAwareRequestFilter, AnonymousAuthenticationFilter, SessionManagementFilter, ExceptionTranslationFilter, AuthorizationFilter
2025-10-07 21:19:37 [main] INFO  o.s.b.w.e.tomcat.TomcatWebServer - Tomcat started on port 8080 (http) with context path '/'
2025-10-07 21:19:37 [main] INFO  com.example.evm.EvmApplication - Started EvmApplication in 4.328 seconds (process running for 4.565)
2025-10-07 21:19:37 [main] INFO  c.e.evm.service.init.DataInitializer - Default admin already exists
2025-10-07 21:21:53 [http-nio-8080-exec-1] INFO  o.a.c.c.C.[Tomcat].[localhost].[/] - Initializing Spring DispatcherServlet 'dispatcherServlet'
2025-10-07 21:21:53 [http-nio-8080-exec-1] INFO  o.s.web.servlet.DispatcherServlet - Initializing Servlet 'dispatcherServlet'
2025-10-07 21:21:53 [http-nio-8080-exec-1] INFO  o.s.web.servlet.DispatcherServlet - Completed initialization in 3 ms
2025-10-07 21:21:53 [http-nio-8080-exec-1] DEBUG o.s.security.web.FilterChainProxy - Securing GET /swagger-ui/index.html
2025-10-07 21:21:53 [http-nio-8080-exec-1] INFO  c.e.e.s.JwtAuthenticationFilter -  JWT filter - GET /swagger-ui/index.html
2025-10-07 21:21:53 [http-nio-8080-exec-1] DEBUG c.e.e.s.JwtAuthenticationFilter - No JWT token supplied for /swagger-ui/index.html
2025-10-07 21:21:53 [http-nio-8080-exec-1] DEBUG o.s.s.w.a.AnonymousAuthenticationFilter - Set SecurityContextHolder to anonymous SecurityContext
2025-10-07 21:21:53 [http-nio-8080-exec-1] DEBUG o.s.security.web.FilterChainProxy - Secured GET /swagger-ui/index.html
2025-10-07 21:21:53 [http-nio-8080-exec-2] DEBUG o.s.security.web.FilterChainProxy - Securing GET /swagger-ui/swagger-ui.css
2025-10-07 21:21:53 [http-nio-8080-exec-2] INFO  c.e.e.s.JwtAuthenticationFilter -  JWT filter - GET /swagger-ui/swagger-ui.css
2025-10-07 21:21:53 [http-nio-8080-exec-2] DEBUG c.e.e.s.JwtAuthenticationFilter - No JWT token supplied for /swagger-ui/swagger-ui.css
2025-10-07 21:21:53 [http-nio-8080-exec-2] DEBUG o.s.s.w.a.AnonymousAuthenticationFilter - Set SecurityContextHolder to anonymous SecurityContext
2025-10-07 21:21:53 [http-nio-8080-exec-2] DEBUG o.s.security.web.FilterChainProxy - Secured GET /swagger-ui/swagger-ui.css
2025-10-07 21:21:53 [http-nio-8080-exec-3] DEBUG o.s.security.web.FilterChainProxy - Securing GET /swagger-ui/index.css
2025-10-07 21:21:53 [http-nio-8080-exec-3] INFO  c.e.e.s.JwtAuthenticationFilter -  JWT filter - GET /swagger-ui/index.css
2025-10-07 21:21:53 [http-nio-8080-exec-3] DEBUG c.e.e.s.JwtAuthenticationFilter - No JWT token supplied for /swagger-ui/index.css
2025-10-07 21:21:53 [http-nio-8080-exec-3] DEBUG o.s.s.w.a.AnonymousAuthenticationFilter - Set SecurityContextHolder to anonymous SecurityContext
2025-10-07 21:21:53 [http-nio-8080-exec-3] DEBUG o.s.security.web.FilterChainProxy - Secured GET /swagger-ui/index.css
2025-10-07 21:21:53 [http-nio-8080-exec-8] DEBUG o.s.security.web.FilterChainProxy - Securing GET /swagger-ui/swagger-ui-bundle.js
2025-10-07 21:21:53 [http-nio-8080-exec-6] DEBUG o.s.security.web.FilterChainProxy - Securing GET /swagger-ui/swagger-initializer.js
2025-10-07 21:21:53 [http-nio-8080-exec-9] DEBUG o.s.security.web.FilterChainProxy - Securing GET /swagger-ui/swagger-ui-standalone-preset.js
2025-10-07 21:21:53 [http-nio-8080-exec-8] INFO  c.e.e.s.JwtAuthenticationFilter -  JWT filter - GET /swagger-ui/swagger-ui-bundle.js
2025-10-07 21:21:53 [http-nio-8080-exec-6] INFO  c.e.e.s.JwtAuthenticationFilter -  JWT filter - GET /swagger-ui/swagger-initializer.js
2025-10-07 21:21:53 [http-nio-8080-exec-8] DEBUG c.e.e.s.JwtAuthenticationFilter - No JWT token supplied for /swagger-ui/swagger-ui-bundle.js
2025-10-07 21:21:53 [http-nio-8080-exec-9] INFO  c.e.e.s.JwtAuthenticationFilter -  JWT filter - GET /swagger-ui/swagger-ui-standalone-preset.js
2025-10-07 21:21:53 [http-nio-8080-exec-6] DEBUG c.e.e.s.JwtAuthenticationFilter - No JWT token supplied for /swagger-ui/swagger-initializer.js
2025-10-07 21:21:53 [http-nio-8080-exec-8] DEBUG o.s.s.w.a.AnonymousAuthenticationFilter - Set SecurityContextHolder to anonymous SecurityContext
2025-10-07 21:21:53 [http-nio-8080-exec-9] DEBUG c.e.e.s.JwtAuthenticationFilter - No JWT token supplied for /swagger-ui/swagger-ui-standalone-preset.js
2025-10-07 21:21:53 [http-nio-8080-exec-6] DEBUG o.s.s.w.a.AnonymousAuthenticationFilter - Set SecurityContextHolder to anonymous SecurityContext
2025-10-07 21:21:53 [http-nio-8080-exec-9] DEBUG o.s.s.w.a.AnonymousAuthenticationFilter - Set SecurityContextHolder to anonymous SecurityContext
2025-10-07 21:21:53 [http-nio-8080-exec-8] DEBUG o.s.security.web.FilterChainProxy - Secured GET /swagger-ui/swagger-ui-bundle.js
2025-10-07 21:21:53 [http-nio-8080-exec-6] DEBUG o.s.security.web.FilterChainProxy - Secured GET /swagger-ui/swagger-initializer.js
2025-10-07 21:21:53 [http-nio-8080-exec-9] DEBUG o.s.security.web.FilterChainProxy - Secured GET /swagger-ui/swagger-ui-standalone-preset.js
2025-10-07 21:21:53 [http-nio-8080-exec-7] DEBUG o.s.security.web.FilterChainProxy - Securing GET /api-docs/swagger-config
2025-10-07 21:21:53 [http-nio-8080-exec-7] INFO  c.e.e.s.JwtAuthenticationFilter -  JWT filter - GET /api-docs/swagger-config
2025-10-07 21:21:53 [http-nio-8080-exec-7] DEBUG c.e.e.s.JwtAuthenticationFilter - No JWT token supplied for /api-docs/swagger-config
2025-10-07 21:21:53 [http-nio-8080-exec-7] DEBUG o.s.s.w.a.AnonymousAuthenticationFilter - Set SecurityContextHolder to anonymous SecurityContext
2025-10-07 21:21:53 [http-nio-8080-exec-4] DEBUG o.s.security.web.FilterChainProxy - Securing GET /swagger-ui/favicon-32x32.png
2025-10-07 21:21:53 [http-nio-8080-exec-4] INFO  c.e.e.s.JwtAuthenticationFilter -  JWT filter - GET /swagger-ui/favicon-32x32.png
2025-10-07 21:21:53 [http-nio-8080-exec-4] DEBUG c.e.e.s.JwtAuthenticationFilter - No JWT token supplied for /swagger-ui/favicon-32x32.png
2025-10-07 21:21:53 [http-nio-8080-exec-4] DEBUG o.s.s.w.a.AnonymousAuthenticationFilter - Set SecurityContextHolder to anonymous SecurityContext
2025-10-07 21:21:53 [http-nio-8080-exec-4] DEBUG o.s.security.web.FilterChainProxy - Secured GET /swagger-ui/favicon-32x32.png
2025-10-07 21:21:55 [http-nio-8080-exec-5] DEBUG o.s.security.web.FilterChainProxy - Securing GET /swagger-ui/index.html
2025-10-07 21:21:55 [http-nio-8080-exec-5] INFO  c.e.e.s.JwtAuthenticationFilter -  JWT filter - GET /swagger-ui/index.html
2025-10-07 21:21:55 [http-nio-8080-exec-5] DEBUG c.e.e.s.JwtAuthenticationFilter - No JWT token supplied for /swagger-ui/index.html
2025-10-07 21:21:55 [http-nio-8080-exec-5] DEBUG o.s.s.w.a.AnonymousAuthenticationFilter - Set SecurityContextHolder to anonymous SecurityContext
2025-10-07 21:21:55 [http-nio-8080-exec-5] DEBUG o.s.security.web.FilterChainProxy - Secured GET /swagger-ui/index.html
2025-10-07 21:21:55 [http-nio-8080-exec-1] DEBUG o.s.security.web.FilterChainProxy - Securing GET /swagger-ui/index.css
2025-10-07 21:21:55 [http-nio-8080-exec-10] DEBUG o.s.security.web.FilterChainProxy - Securing GET /swagger-ui/swagger-ui.css
2025-10-07 21:21:55 [http-nio-8080-exec-9] DEBUG o.s.security.web.FilterChainProxy - Securing GET /swagger-ui/swagger-initializer.js
2025-10-07 21:21:55 [http-nio-8080-exec-3] DEBUG o.s.security.web.FilterChainProxy - Securing GET /swagger-ui/swagger-ui-bundle.js
2025-10-07 21:21:55 [http-nio-8080-exec-2] DEBUG o.s.security.web.FilterChainProxy - Securing GET /swagger-ui/swagger-ui-standalone-preset.js
2025-10-07 21:21:55 [http-nio-8080-exec-1] INFO  c.e.e.s.JwtAuthenticationFilter -  JWT filter - GET /swagger-ui/index.css
2025-10-07 21:21:55 [http-nio-8080-exec-10] INFO  c.e.e.s.JwtAuthenticationFilter -  JWT filter - GET /swagger-ui/swagger-ui.css
2025-10-07 21:21:55 [http-nio-8080-exec-9] INFO  c.e.e.s.JwtAuthenticationFilter -  JWT filter - GET /swagger-ui/swagger-initializer.js
2025-10-07 21:21:55 [http-nio-8080-exec-3] INFO  c.e.e.s.JwtAuthenticationFilter -  JWT filter - GET /swagger-ui/swagger-ui-bundle.js
2025-10-07 21:21:55 [http-nio-8080-exec-1] DEBUG c.e.e.s.JwtAuthenticationFilter - No JWT token supplied for /swagger-ui/index.css
2025-10-07 21:21:55 [http-nio-8080-exec-3] DEBUG c.e.e.s.JwtAuthenticationFilter - No JWT token supplied for /swagger-ui/swagger-ui-bundle.js
2025-10-07 21:21:55 [http-nio-8080-exec-2] INFO  c.e.e.s.JwtAuthenticationFilter -  JWT filter - GET /swagger-ui/swagger-ui-standalone-preset.js
2025-10-07 21:21:55 [http-nio-8080-exec-10] DEBUG c.e.e.s.JwtAuthenticationFilter - No JWT token supplied for /swagger-ui/swagger-ui.css
2025-10-07 21:21:55 [http-nio-8080-exec-2] DEBUG c.e.e.s.JwtAuthenticationFilter - No JWT token supplied for /swagger-ui/swagger-ui-standalone-preset.js
2025-10-07 21:21:55 [http-nio-8080-exec-9] DEBUG c.e.e.s.JwtAuthenticationFilter - No JWT token supplied for /swagger-ui/swagger-initializer.js
2025-10-07 21:21:55 [http-nio-8080-exec-1] DEBUG o.s.s.w.a.AnonymousAuthenticationFilter - Set SecurityContextHolder to anonymous SecurityContext
2025-10-07 21:21:55 [http-nio-8080-exec-9] DEBUG o.s.s.w.a.AnonymousAuthenticationFilter - Set SecurityContextHolder to anonymous SecurityContext
2025-10-07 21:21:55 [http-nio-8080-exec-3] DEBUG o.s.s.w.a.AnonymousAuthenticationFilter - Set SecurityContextHolder to anonymous SecurityContext
2025-10-07 21:21:55 [http-nio-8080-exec-9] DEBUG o.s.security.web.FilterChainProxy - Secured GET /swagger-ui/swagger-initializer.js
2025-10-07 21:21:55 [http-nio-8080-exec-10] DEBUG o.s.s.w.a.AnonymousAuthenticationFilter - Set SecurityContextHolder to anonymous SecurityContext
2025-10-07 21:21:55 [http-nio-8080-exec-2] DEBUG o.s.s.w.a.AnonymousAuthenticationFilter - Set SecurityContextHolder to anonymous SecurityContext
2025-10-07 21:21:55 [http-nio-8080-exec-1] DEBUG o.s.security.web.FilterChainProxy - Secured GET /swagger-ui/index.css
2025-10-07 21:21:55 [http-nio-8080-exec-3] DEBUG o.s.security.web.FilterChainProxy - Secured GET /swagger-ui/swagger-ui-bundle.js
2025-10-07 21:21:55 [http-nio-8080-exec-10] DEBUG o.s.security.web.FilterChainProxy - Secured GET /swagger-ui/swagger-ui.css
2025-10-07 21:21:55 [http-nio-8080-exec-2] DEBUG o.s.security.web.FilterChainProxy - Secured GET /swagger-ui/swagger-ui-standalone-preset.js
2025-10-07 21:21:55 [http-nio-8080-exec-6] DEBUG o.s.security.web.FilterChainProxy - Securing GET /api-docs/swagger-config
2025-10-07 21:21:55 [http-nio-8080-exec-6] INFO  c.e.e.s.JwtAuthenticationFilter -  JWT filter - GET /api-docs/swagger-config
2025-10-07 21:21:55 [http-nio-8080-exec-6] DEBUG c.e.e.s.JwtAuthenticationFilter - No JWT token supplied for /api-docs/swagger-config
2025-10-07 21:21:55 [http-nio-8080-exec-6] DEBUG o.s.s.w.a.AnonymousAuthenticationFilter - Set SecurityContextHolder to anonymous SecurityContext
2025-10-07 21:21:55 [http-nio-8080-exec-8] DEBUG o.s.security.web.FilterChainProxy - Securing GET /swagger-ui/favicon-32x32.png
2025-10-07 21:21:55 [http-nio-8080-exec-8] INFO  c.e.e.s.JwtAuthenticationFilter -  JWT filter - GET /swagger-ui/favicon-32x32.png
2025-10-07 21:21:55 [http-nio-8080-exec-8] DEBUG c.e.e.s.JwtAuthenticationFilter - No JWT token supplied for /swagger-ui/favicon-32x32.png
2025-10-07 21:21:55 [http-nio-8080-exec-8] DEBUG o.s.s.w.a.AnonymousAuthenticationFilter - Set SecurityContextHolder to anonymous SecurityContext
2025-10-07 21:21:55 [http-nio-8080-exec-8] DEBUG o.s.security.web.FilterChainProxy - Secured GET /swagger-ui/favicon-32x32.png
2025-10-07 21:21:56 [http-nio-8080-exec-4] DEBUG o.s.security.web.FilterChainProxy - Securing GET /swagger-ui/index.html
2025-10-07 21:21:56 [http-nio-8080-exec-4] INFO  c.e.e.s.JwtAuthenticationFilter -  JWT filter - GET /swagger-ui/index.html
2025-10-07 21:21:56 [http-nio-8080-exec-4] DEBUG c.e.e.s.JwtAuthenticationFilter - No JWT token supplied for /swagger-ui/index.html
2025-10-07 21:21:56 [http-nio-8080-exec-4] DEBUG o.s.s.w.a.AnonymousAuthenticationFilter - Set SecurityContextHolder to anonymous SecurityContext
2025-10-07 21:21:56 [http-nio-8080-exec-4] DEBUG o.s.security.web.FilterChainProxy - Secured GET /swagger-ui/index.html
2025-10-07 21:21:56 [http-nio-8080-exec-9] DEBUG o.s.security.web.FilterChainProxy - Securing GET /swagger-ui/swagger-ui-standalone-preset.js
2025-10-07 21:21:56 [http-nio-8080-exec-1] DEBUG o.s.security.web.FilterChainProxy - Securing GET /swagger-ui/swagger-ui-bundle.js
2025-10-07 21:21:56 [http-nio-8080-exec-7] DEBUG o.s.security.web.FilterChainProxy - Securing GET /swagger-ui/swagger-ui.css
2025-10-07 21:21:56 [http-nio-8080-exec-5] DEBUG o.s.security.web.FilterChainProxy - Securing GET /swagger-ui/index.css
2025-10-07 21:21:56 [http-nio-8080-exec-10] DEBUG o.s.security.web.FilterChainProxy - Securing GET /swagger-ui/swagger-initializer.js
2025-10-07 21:21:56 [http-nio-8080-exec-1] INFO  c.e.e.s.JwtAuthenticationFilter -  JWT filter - GET /swagger-ui/swagger-ui-bundle.js
2025-10-07 21:21:56 [http-nio-8080-exec-9] INFO  c.e.e.s.JwtAuthenticationFilter -  JWT filter - GET /swagger-ui/swagger-ui-standalone-preset.js
2025-10-07 21:21:56 [http-nio-8080-exec-7] INFO  c.e.e.s.JwtAuthenticationFilter -  JWT filter - GET /swagger-ui/swagger-ui.css
2025-10-07 21:21:56 [http-nio-8080-exec-5] INFO  c.e.e.s.JwtAuthenticationFilter -  JWT filter - GET /swagger-ui/index.css
2025-10-07 21:21:56 [http-nio-8080-exec-10] INFO  c.e.e.s.JwtAuthenticationFilter -  JWT filter - GET /swagger-ui/swagger-initializer.js
2025-10-07 21:21:56 [http-nio-8080-exec-1] DEBUG c.e.e.s.JwtAuthenticationFilter - No JWT token supplied for /swagger-ui/swagger-ui-bundle.js
2025-10-07 21:21:56 [http-nio-8080-exec-9] DEBUG c.e.e.s.JwtAuthenticationFilter - No JWT token supplied for /swagger-ui/swagger-ui-standalone-preset.js
2025-10-07 21:21:56 [http-nio-8080-exec-7] DEBUG c.e.e.s.JwtAuthenticationFilter - No JWT token supplied for /swagger-ui/swagger-ui.css
2025-10-07 21:21:56 [http-nio-8080-exec-5] DEBUG c.e.e.s.JwtAuthenticationFilter - No JWT token supplied for /swagger-ui/index.css
2025-10-07 21:21:56 [http-nio-8080-exec-7] DEBUG o.s.s.w.a.AnonymousAuthenticationFilter - Set SecurityContextHolder to anonymous SecurityContext
2025-10-07 21:21:56 [http-nio-8080-exec-10] DEBUG c.e.e.s.JwtAuthenticationFilter - No JWT token supplied for /swagger-ui/swagger-initializer.js
2025-10-07 21:21:56 [http-nio-8080-exec-1] DEBUG o.s.s.w.a.AnonymousAuthenticationFilter - Set SecurityContextHolder to anonymous SecurityContext
2025-10-07 21:21:56 [http-nio-8080-exec-10] DEBUG o.s.s.w.a.AnonymousAuthenticationFilter - Set SecurityContextHolder to anonymous SecurityContext
2025-10-07 21:21:56 [http-nio-8080-exec-9] DEBUG o.s.s.w.a.AnonymousAuthenticationFilter - Set SecurityContextHolder to anonymous SecurityContext
2025-10-07 21:21:56 [http-nio-8080-exec-5] DEBUG o.s.s.w.a.AnonymousAuthenticationFilter - Set SecurityContextHolder to anonymous SecurityContext
2025-10-07 21:21:56 [http-nio-8080-exec-7] DEBUG o.s.security.web.FilterChainProxy - Secured GET /swagger-ui/swagger-ui.css
2025-10-07 21:21:56 [http-nio-8080-exec-1] DEBUG o.s.security.web.FilterChainProxy - Secured GET /swagger-ui/swagger-ui-bundle.js
2025-10-07 21:21:56 [http-nio-8080-exec-10] DEBUG o.s.security.web.FilterChainProxy - Secured GET /swagger-ui/swagger-initializer.js
2025-10-07 21:21:56 [http-nio-8080-exec-9] DEBUG o.s.security.web.FilterChainProxy - Secured GET /swagger-ui/swagger-ui-standalone-preset.js
2025-10-07 21:21:56 [http-nio-8080-exec-5] DEBUG o.s.security.web.FilterChainProxy - Secured GET /swagger-ui/index.css
2025-10-07 21:21:56 [http-nio-8080-exec-2] DEBUG o.s.security.web.FilterChainProxy - Securing GET /api-docs/swagger-config
2025-10-07 21:21:56 [http-nio-8080-exec-2] INFO  c.e.e.s.JwtAuthenticationFilter -  JWT filter - GET /api-docs/swagger-config
2025-10-07 21:21:56 [http-nio-8080-exec-2] DEBUG c.e.e.s.JwtAuthenticationFilter - No JWT token supplied for /api-docs/swagger-config
2025-10-07 21:21:56 [http-nio-8080-exec-2] DEBUG o.s.s.w.a.AnonymousAuthenticationFilter - Set SecurityContextHolder to anonymous SecurityContext
2025-10-07 21:21:56 [http-nio-8080-exec-3] DEBUG o.s.security.web.FilterChainProxy - Securing GET /swagger-ui/favicon-32x32.png
2025-10-07 21:21:56 [http-nio-8080-exec-3] INFO  c.e.e.s.JwtAuthenticationFilter -  JWT filter - GET /swagger-ui/favicon-32x32.png
2025-10-07 21:21:56 [http-nio-8080-exec-3] DEBUG c.e.e.s.JwtAuthenticationFilter - No JWT token supplied for /swagger-ui/favicon-32x32.png
2025-10-07 21:21:56 [http-nio-8080-exec-3] DEBUG o.s.s.w.a.AnonymousAuthenticationFilter - Set SecurityContextHolder to anonymous SecurityContext
2025-10-07 21:21:56 [http-nio-8080-exec-3] DEBUG o.s.security.web.FilterChainProxy - Secured GET /swagger-ui/favicon-32x32.png
2025-10-07 21:22:34 [SpringApplicationShutdownHook] INFO  o.s.b.w.e.tomcat.GracefulShutdown - Commencing graceful shutdown. Waiting for active requests to complete
2025-10-07 21:22:34 [tomcat-shutdown] INFO  o.s.b.w.e.tomcat.GracefulShutdown - Graceful shutdown complete
2025-10-07 21:22:34 [SpringApplicationShutdownHook] INFO  o.s.o.j.LocalContainerEntityManagerFactoryBean - Closing JPA EntityManagerFactory for persistence unit 'default'
2025-10-07 21:22:34 [SpringApplicationShutdownHook] INFO  com.zaxxer.hikari.HikariDataSource - HikariPool-1 - Shutdown initiated...
2025-10-07 21:22:34 [SpringApplicationShutdownHook] INFO  com.zaxxer.hikari.HikariDataSource - HikariPool-1 - Shutdown completed.
